<?xml version="1.0" encoding="UTF-8"?>
<!-- Generated by org.testng.reporters.JUnitXMLReporter -->
<testsuite ignored="0" hostname="DESKTOP-6HNU5P6" failures="0" tests="11" name="Surefire test" time="117.283" errors="0" timestamp="2022-08-19T02:18:06 EDT">
  <testcase classname="fb.qa.testcases.HomePageTest" name="Homepagetitletest" time="0.008"/>
  <testcase classname="fb.qa.testcases.HomePageTest" name="Verifyusernametest" time="0.857"/>
  <testcase classname="fb.qa.testcases.HomePageTest" name="Groupslinktest" time="0.349"/>
  <testcase classname="fb.qa.testcases.HomePageTest" name="MarketPlacePagelinktest" time="0.955"/>
  <testcase classname="fb.qa.testcases.HomePageTest" name="PagesPagelink" time="0.402"/>
  <testcase classname="fb.qa.testcases.LoginPageTest" name="Loginpagetitletest" time="0.003"/>
  <testcase classname="fb.qa.testcases.LoginPageTest" name="fblogoimagetest" time="0.046"/>
  <testcase classname="fb.qa.testcases.LoginPageTest" name="forgotpasswordlinktest" time="0.095"/>
  <testcase classname="fb.qa.testcases.LoginPageTest" name="Createapagelinktest" time="0.081"/>
  <testcase classname="fb.qa.testcases.LoginPageTest" name="Createnewaccountlinktest" time="0.049"/>
  <testcase classname="fb.qa.testcases.LoginPageTest" name="LoginwithusernameandpasswordTest" time="2.317"/>
</testsuite> <!-- Surefire test -->
