<?xml version="1.0" encoding="UTF-8"?>
<!-- Generated by org.testng.reporters.JUnitXMLReporter -->
<testsuite ignored="0" hostname="DESKTOP-6HNU5P6" failures="0" tests="5" name="Default test" time="53.197" errors="0" timestamp="2022-08-17T12:41:53 EDT">
  <testcase classname="fb.qa.testcases.HomePageTest" name="Homepagetitletest" time="0.011"/>
  <testcase classname="fb.qa.testcases.HomePageTest" name="Verifyusernametest" time="0.114"/>
  <testcase classname="fb.qa.testcases.HomePageTest" name="Groupslinktest" time="0.771"/>
  <testcase classname="fb.qa.testcases.HomePageTest" name="MarketPlacePagelinktest" time="0.602"/>
  <testcase classname="fb.qa.testcases.HomePageTest" name="PagesPagelink" time="0.835"/>
</testsuite> <!-- Default test -->
