<?xml version="1.0" encoding="UTF-8"?>
<!-- Generated by org.testng.reporters.JUnitXMLReporter -->
<testsuite ignored="0" hostname="DESKTOP-6HNU5P6" failures="0" tests="11" name="FacebookAutomationTestSuite" time="112.403" errors="0" timestamp="2022-08-19T02:49:55 EDT">
  <testcase classname="fb.qa.testcases.LoginPageTest" name="Loginpagetitletest" time="0.017"/>
  <testcase classname="fb.qa.testcases.LoginPageTest" name="fblogoimagetest" time="0.071"/>
  <testcase classname="fb.qa.testcases.LoginPageTest" name="forgotpasswordlinktest" time="0.051"/>
  <testcase classname="fb.qa.testcases.LoginPageTest" name="Createapagelinktest" time="0.074"/>
  <testcase classname="fb.qa.testcases.LoginPageTest" name="Createnewaccountlinktest" time="0.056"/>
  <testcase classname="fb.qa.testcases.LoginPageTest" name="LoginwithusernameandpasswordTest" time="2.95"/>
  <testcase classname="fb.qa.testcases.HomePageTest" name="Homepagetitletest" time="0.012"/>
  <testcase classname="fb.qa.testcases.HomePageTest" name="Verifyusernametest" time="0.652"/>
  <testcase classname="fb.qa.testcases.HomePageTest" name="Groupslinktest" time="0.729"/>
  <testcase classname="fb.qa.testcases.HomePageTest" name="MarketPlacePagelinktest" time="0.874"/>
  <testcase classname="fb.qa.testcases.HomePageTest" name="PagesPagelink" time="0.333"/>
</testsuite> <!-- FacebookAutomationTestSuite -->
