<?xml version="1.0" encoding="UTF-8"?>
<testng-results ignored="0" total="11" passed="11" failed="0" skipped="0">
  <reporter-output>
  </reporter-output>
  <suite started-at="2022-08-19T02:16:09 EDT" name="Surefire suite" finished-at="2022-08-19T02:18:06 EDT" duration-ms="117283">
    <groups>
    </groups>
    <test started-at="2022-08-19T02:16:09 EDT" name="Surefire test" finished-at="2022-08-19T02:18:06 EDT" duration-ms="117283">
      <class name="fb.qa.testcases.LoginPageTest">
        <test-method is-config="true" signature="setup()[pri:0, instance:fb.qa.testcases.LoginPageTest@3bd94634]" started-at="2022-08-19T02:17:28 EDT" name="setup" finished-at="2022-08-19T02:17:32 EDT" duration-ms="4506" status="PASS">
          <reporter-output>
          </reporter-output>
        </test-method> <!-- setup -->
        <test-method signature="Loginpagetitletest()[pri:1, instance:fb.qa.testcases.LoginPageTest@3bd94634]" started-at="2022-08-19T02:17:32 EDT" name="Loginpagetitletest" finished-at="2022-08-19T02:17:32 EDT" duration-ms="3" status="PASS">
          <reporter-output>
          </reporter-output>
        </test-method> <!-- Loginpagetitletest -->
        <test-method is-config="true" signature="teardown()[pri:0, instance:fb.qa.testcases.LoginPageTest@3bd94634]" started-at="2022-08-19T02:17:32 EDT" name="teardown" finished-at="2022-08-19T02:17:34 EDT" duration-ms="1162" status="PASS">
          <reporter-output>
          </reporter-output>
        </test-method> <!-- teardown -->
        <test-method is-config="true" signature="setup()[pri:0, instance:fb.qa.testcases.LoginPageTest@3bd94634]" started-at="2022-08-19T02:17:34 EDT" name="setup" finished-at="2022-08-19T02:17:38 EDT" duration-ms="4446" status="PASS">
          <reporter-output>
          </reporter-output>
        </test-method> <!-- setup -->
        <test-method signature="fblogoimagetest()[pri:2, instance:fb.qa.testcases.LoginPageTest@3bd94634]" started-at="2022-08-19T02:17:38 EDT" name="fblogoimagetest" finished-at="2022-08-19T02:17:38 EDT" duration-ms="46" status="PASS">
          <reporter-output>
          </reporter-output>
        </test-method> <!-- fblogoimagetest -->
        <test-method is-config="true" signature="teardown()[pri:0, instance:fb.qa.testcases.LoginPageTest@3bd94634]" started-at="2022-08-19T02:17:38 EDT" name="teardown" finished-at="2022-08-19T02:17:39 EDT" duration-ms="1120" status="PASS">
          <reporter-output>
          </reporter-output>
        </test-method> <!-- teardown -->
        <test-method is-config="true" signature="setup()[pri:0, instance:fb.qa.testcases.LoginPageTest@3bd94634]" started-at="2022-08-19T02:17:39 EDT" name="setup" finished-at="2022-08-19T02:17:43 EDT" duration-ms="4192" status="PASS">
          <reporter-output>
          </reporter-output>
        </test-method> <!-- setup -->
        <test-method signature="forgotpasswordlinktest()[pri:3, instance:fb.qa.testcases.LoginPageTest@3bd94634]" started-at="2022-08-19T02:17:43 EDT" name="forgotpasswordlinktest" finished-at="2022-08-19T02:17:43 EDT" duration-ms="95" status="PASS">
          <reporter-output>
          </reporter-output>
        </test-method> <!-- forgotpasswordlinktest -->
        <test-method is-config="true" signature="teardown()[pri:0, instance:fb.qa.testcases.LoginPageTest@3bd94634]" started-at="2022-08-19T02:17:43 EDT" name="teardown" finished-at="2022-08-19T02:17:45 EDT" duration-ms="1128" status="PASS">
          <reporter-output>
          </reporter-output>
        </test-method> <!-- teardown -->
        <test-method is-config="true" signature="setup()[pri:0, instance:fb.qa.testcases.LoginPageTest@3bd94634]" started-at="2022-08-19T02:17:45 EDT" name="setup" finished-at="2022-08-19T02:17:50 EDT" duration-ms="5608" status="PASS">
          <reporter-output>
          </reporter-output>
        </test-method> <!-- setup -->
        <test-method signature="Createapagelinktest()[pri:4, instance:fb.qa.testcases.LoginPageTest@3bd94634]" started-at="2022-08-19T02:17:50 EDT" name="Createapagelinktest" finished-at="2022-08-19T02:17:50 EDT" duration-ms="81" status="PASS">
          <reporter-output>
          </reporter-output>
        </test-method> <!-- Createapagelinktest -->
        <test-method is-config="true" signature="teardown()[pri:0, instance:fb.qa.testcases.LoginPageTest@3bd94634]" started-at="2022-08-19T02:17:50 EDT" name="teardown" finished-at="2022-08-19T02:17:52 EDT" duration-ms="1347" status="PASS">
          <reporter-output>
          </reporter-output>
        </test-method> <!-- teardown -->
        <test-method is-config="true" signature="setup()[pri:0, instance:fb.qa.testcases.LoginPageTest@3bd94634]" started-at="2022-08-19T02:17:52 EDT" name="setup" finished-at="2022-08-19T02:17:56 EDT" duration-ms="4416" status="PASS">
          <reporter-output>
          </reporter-output>
        </test-method> <!-- setup -->
        <test-method signature="Createnewaccountlinktest()[pri:5, instance:fb.qa.testcases.LoginPageTest@3bd94634]" started-at="2022-08-19T02:17:56 EDT" name="Createnewaccountlinktest" finished-at="2022-08-19T02:17:56 EDT" duration-ms="49" status="PASS">
          <reporter-output>
          </reporter-output>
        </test-method> <!-- Createnewaccountlinktest -->
        <test-method is-config="true" signature="teardown()[pri:0, instance:fb.qa.testcases.LoginPageTest@3bd94634]" started-at="2022-08-19T02:17:56 EDT" name="teardown" finished-at="2022-08-19T02:17:57 EDT" duration-ms="1158" status="PASS">
          <reporter-output>
          </reporter-output>
        </test-method> <!-- teardown -->
        <test-method is-config="true" signature="setup()[pri:0, instance:fb.qa.testcases.LoginPageTest@3bd94634]" started-at="2022-08-19T02:17:57 EDT" name="setup" finished-at="2022-08-19T02:18:02 EDT" duration-ms="4407" status="PASS">
          <reporter-output>
          </reporter-output>
        </test-method> <!-- setup -->
        <test-method signature="LoginwithusernameandpasswordTest()[pri:6, instance:fb.qa.testcases.LoginPageTest@3bd94634]" started-at="2022-08-19T02:18:02 EDT" name="LoginwithusernameandpasswordTest" finished-at="2022-08-19T02:18:04 EDT" duration-ms="2317" status="PASS">
          <reporter-output>
          </reporter-output>
        </test-method> <!-- LoginwithusernameandpasswordTest -->
        <test-method is-config="true" signature="teardown()[pri:0, instance:fb.qa.testcases.LoginPageTest@3bd94634]" started-at="2022-08-19T02:18:04 EDT" name="teardown" finished-at="2022-08-19T02:18:06 EDT" duration-ms="2203" status="PASS">
          <reporter-output>
          </reporter-output>
        </test-method> <!-- teardown -->
      </class> <!-- fb.qa.testcases.LoginPageTest -->
      <class name="fb.qa.testcases.HomePageTest">
        <test-method is-config="true" signature="setup()[pri:0, instance:fb.qa.testcases.HomePageTest@f4168b8]" started-at="2022-08-19T02:16:09 EDT" name="setup" finished-at="2022-08-19T02:16:32 EDT" duration-ms="23021" status="PASS">
          <reporter-output>
          </reporter-output>
        </test-method> <!-- setup -->
        <test-method signature="Homepagetitletest()[pri:1, instance:fb.qa.testcases.HomePageTest@f4168b8]" started-at="2022-08-19T02:16:32 EDT" name="Homepagetitletest" finished-at="2022-08-19T02:16:32 EDT" duration-ms="8" status="PASS">
          <reporter-output>
          </reporter-output>
        </test-method> <!-- Homepagetitletest -->
        <test-method is-config="true" signature="teardown()[pri:0, instance:fb.qa.testcases.HomePageTest@f4168b8]" started-at="2022-08-19T02:16:32 EDT" name="teardown" finished-at="2022-08-19T02:16:34 EDT" duration-ms="1787" status="PASS">
          <reporter-output>
          </reporter-output>
        </test-method> <!-- teardown -->
        <test-method is-config="true" signature="setup()[pri:0, instance:fb.qa.testcases.HomePageTest@f4168b8]" started-at="2022-08-19T02:16:34 EDT" name="setup" finished-at="2022-08-19T02:16:42 EDT" duration-ms="7841" status="PASS">
          <reporter-output>
          </reporter-output>
        </test-method> <!-- setup -->
        <test-method signature="Verifyusernametest()[pri:2, instance:fb.qa.testcases.HomePageTest@f4168b8]" started-at="2022-08-19T02:16:42 EDT" name="Verifyusernametest" finished-at="2022-08-19T02:16:43 EDT" duration-ms="857" status="PASS">
          <reporter-output>
          </reporter-output>
        </test-method> <!-- Verifyusernametest -->
        <test-method is-config="true" signature="teardown()[pri:0, instance:fb.qa.testcases.HomePageTest@f4168b8]" started-at="2022-08-19T02:16:43 EDT" name="teardown" finished-at="2022-08-19T02:16:48 EDT" duration-ms="5620" status="PASS">
          <reporter-output>
          </reporter-output>
        </test-method> <!-- teardown -->
        <test-method is-config="true" signature="setup()[pri:0, instance:fb.qa.testcases.HomePageTest@f4168b8]" started-at="2022-08-19T02:16:48 EDT" name="setup" finished-at="2022-08-19T02:16:58 EDT" duration-ms="9375" status="PASS">
          <reporter-output>
          </reporter-output>
        </test-method> <!-- setup -->
        <test-method signature="Groupslinktest()[pri:3, instance:fb.qa.testcases.HomePageTest@f4168b8]" started-at="2022-08-19T02:16:58 EDT" name="Groupslinktest" finished-at="2022-08-19T02:16:58 EDT" duration-ms="349" status="PASS">
          <reporter-output>
          </reporter-output>
        </test-method> <!-- Groupslinktest -->
        <test-method is-config="true" signature="teardown()[pri:0, instance:fb.qa.testcases.HomePageTest@f4168b8]" started-at="2022-08-19T02:16:58 EDT" name="teardown" finished-at="2022-08-19T02:17:01 EDT" duration-ms="2819" status="PASS">
          <reporter-output>
          </reporter-output>
        </test-method> <!-- teardown -->
        <test-method is-config="true" signature="setup()[pri:0, instance:fb.qa.testcases.HomePageTest@f4168b8]" started-at="2022-08-19T02:17:01 EDT" name="setup" finished-at="2022-08-19T02:17:09 EDT" duration-ms="8168" status="PASS">
          <reporter-output>
          </reporter-output>
        </test-method> <!-- setup -->
        <test-method signature="MarketPlacePagelinktest()[pri:4, instance:fb.qa.testcases.HomePageTest@f4168b8]" started-at="2022-08-19T02:17:09 EDT" name="MarketPlacePagelinktest" finished-at="2022-08-19T02:17:10 EDT" duration-ms="955" status="PASS">
          <reporter-output>
          </reporter-output>
        </test-method> <!-- MarketPlacePagelinktest -->
        <test-method is-config="true" signature="teardown()[pri:0, instance:fb.qa.testcases.HomePageTest@f4168b8]" started-at="2022-08-19T02:17:10 EDT" name="teardown" finished-at="2022-08-19T02:17:14 EDT" duration-ms="4247" status="PASS">
          <reporter-output>
          </reporter-output>
        </test-method> <!-- teardown -->
        <test-method is-config="true" signature="setup()[pri:0, instance:fb.qa.testcases.HomePageTest@f4168b8]" started-at="2022-08-19T02:17:14 EDT" name="setup" finished-at="2022-08-19T02:17:24 EDT" duration-ms="9676" status="PASS">
          <reporter-output>
          </reporter-output>
        </test-method> <!-- setup -->
        <test-method signature="PagesPagelink()[pri:5, instance:fb.qa.testcases.HomePageTest@f4168b8]" started-at="2022-08-19T02:17:24 EDT" name="PagesPagelink" finished-at="2022-08-19T02:17:24 EDT" duration-ms="402" status="PASS">
          <reporter-output>
          </reporter-output>
        </test-method> <!-- PagesPagelink -->
        <test-method is-config="true" signature="teardown()[pri:0, instance:fb.qa.testcases.HomePageTest@f4168b8]" started-at="2022-08-19T02:17:24 EDT" name="teardown" finished-at="2022-08-19T02:17:28 EDT" duration-ms="3397" status="PASS">
          <reporter-output>
          </reporter-output>
        </test-method> <!-- teardown -->
      </class> <!-- fb.qa.testcases.HomePageTest -->
    </test> <!-- Surefire test -->
  </suite> <!-- Surefire suite -->
</testng-results>
