<?xml version="1.0" encoding="UTF-8"?>
<testng-results ignored="0" total="11" passed="11" failed="0" skipped="0">
  <reporter-output>
  </reporter-output>
  <suite started-at="2022-08-19T02:48:03 EDT" name="Suite" finished-at="2022-08-19T02:49:55 EDT" duration-ms="112403">
    <groups>
    </groups>
    <test started-at="2022-08-19T02:48:03 EDT" name="FacebookAutomationTestSuite" finished-at="2022-08-19T02:49:55 EDT" duration-ms="112403">
      <class name="fb.qa.testcases.LoginPageTest">
        <test-method is-config="true" signature="setup()[pri:0, instance:fb.qa.testcases.LoginPageTest@6a370f4]" started-at="2022-08-19T02:48:03 EDT" name="setup" finished-at="2022-08-19T02:48:15 EDT" duration-ms="12190" status="PASS">
          <reporter-output>
          </reporter-output>
        </test-method> <!-- setup -->
        <test-method signature="Loginpagetitletest()[pri:1, instance:fb.qa.testcases.LoginPageTest@6a370f4]" started-at="2022-08-19T02:48:15 EDT" name="Loginpagetitletest" finished-at="2022-08-19T02:48:15 EDT" duration-ms="17" status="PASS">
          <reporter-output>
          </reporter-output>
        </test-method> <!-- Loginpagetitletest -->
        <test-method is-config="true" signature="teardown()[pri:0, instance:fb.qa.testcases.LoginPageTest@6a370f4]" started-at="2022-08-19T02:48:15 EDT" name="teardown" finished-at="2022-08-19T02:48:16 EDT" duration-ms="959" status="PASS">
          <reporter-output>
          </reporter-output>
        </test-method> <!-- teardown -->
        <test-method is-config="true" signature="setup()[pri:0, instance:fb.qa.testcases.LoginPageTest@6a370f4]" started-at="2022-08-19T02:48:16 EDT" name="setup" finished-at="2022-08-19T02:48:20 EDT" duration-ms="4448" status="PASS">
          <reporter-output>
          </reporter-output>
        </test-method> <!-- setup -->
        <test-method signature="fblogoimagetest()[pri:2, instance:fb.qa.testcases.LoginPageTest@6a370f4]" started-at="2022-08-19T02:48:20 EDT" name="fblogoimagetest" finished-at="2022-08-19T02:48:20 EDT" duration-ms="71" status="PASS">
          <reporter-output>
          </reporter-output>
        </test-method> <!-- fblogoimagetest -->
        <test-method is-config="true" signature="teardown()[pri:0, instance:fb.qa.testcases.LoginPageTest@6a370f4]" started-at="2022-08-19T02:48:20 EDT" name="teardown" finished-at="2022-08-19T02:48:21 EDT" duration-ms="836" status="PASS">
          <reporter-output>
          </reporter-output>
        </test-method> <!-- teardown -->
        <test-method is-config="true" signature="setup()[pri:0, instance:fb.qa.testcases.LoginPageTest@6a370f4]" started-at="2022-08-19T02:48:21 EDT" name="setup" finished-at="2022-08-19T02:48:28 EDT" duration-ms="6501" status="PASS">
          <reporter-output>
          </reporter-output>
        </test-method> <!-- setup -->
        <test-method signature="forgotpasswordlinktest()[pri:3, instance:fb.qa.testcases.LoginPageTest@6a370f4]" started-at="2022-08-19T02:48:28 EDT" name="forgotpasswordlinktest" finished-at="2022-08-19T02:48:28 EDT" duration-ms="51" status="PASS">
          <reporter-output>
          </reporter-output>
        </test-method> <!-- forgotpasswordlinktest -->
        <test-method is-config="true" signature="teardown()[pri:0, instance:fb.qa.testcases.LoginPageTest@6a370f4]" started-at="2022-08-19T02:48:28 EDT" name="teardown" finished-at="2022-08-19T02:48:30 EDT" duration-ms="1833" status="PASS">
          <reporter-output>
          </reporter-output>
        </test-method> <!-- teardown -->
        <test-method is-config="true" signature="setup()[pri:0, instance:fb.qa.testcases.LoginPageTest@6a370f4]" started-at="2022-08-19T02:48:30 EDT" name="setup" finished-at="2022-08-19T02:48:35 EDT" duration-ms="5417" status="PASS">
          <reporter-output>
          </reporter-output>
        </test-method> <!-- setup -->
        <test-method signature="Createapagelinktest()[pri:4, instance:fb.qa.testcases.LoginPageTest@6a370f4]" started-at="2022-08-19T02:48:35 EDT" name="Createapagelinktest" finished-at="2022-08-19T02:48:35 EDT" duration-ms="74" status="PASS">
          <reporter-output>
          </reporter-output>
        </test-method> <!-- Createapagelinktest -->
        <test-method is-config="true" signature="teardown()[pri:0, instance:fb.qa.testcases.LoginPageTest@6a370f4]" started-at="2022-08-19T02:48:35 EDT" name="teardown" finished-at="2022-08-19T02:48:36 EDT" duration-ms="1177" status="PASS">
          <reporter-output>
          </reporter-output>
        </test-method> <!-- teardown -->
        <test-method is-config="true" signature="setup()[pri:0, instance:fb.qa.testcases.LoginPageTest@6a370f4]" started-at="2022-08-19T02:48:36 EDT" name="setup" finished-at="2022-08-19T02:48:41 EDT" duration-ms="4860" status="PASS">
          <reporter-output>
          </reporter-output>
        </test-method> <!-- setup -->
        <test-method signature="Createnewaccountlinktest()[pri:5, instance:fb.qa.testcases.LoginPageTest@6a370f4]" started-at="2022-08-19T02:48:41 EDT" name="Createnewaccountlinktest" finished-at="2022-08-19T02:48:41 EDT" duration-ms="56" status="PASS">
          <reporter-output>
          </reporter-output>
        </test-method> <!-- Createnewaccountlinktest -->
        <test-method is-config="true" signature="teardown()[pri:0, instance:fb.qa.testcases.LoginPageTest@6a370f4]" started-at="2022-08-19T02:48:41 EDT" name="teardown" finished-at="2022-08-19T02:48:42 EDT" duration-ms="1276" status="PASS">
          <reporter-output>
          </reporter-output>
        </test-method> <!-- teardown -->
        <test-method is-config="true" signature="setup()[pri:0, instance:fb.qa.testcases.LoginPageTest@6a370f4]" started-at="2022-08-19T02:48:42 EDT" name="setup" finished-at="2022-08-19T02:48:48 EDT" duration-ms="5274" status="PASS">
          <reporter-output>
          </reporter-output>
        </test-method> <!-- setup -->
        <test-method signature="LoginwithusernameandpasswordTest()[pri:6, instance:fb.qa.testcases.LoginPageTest@6a370f4]" started-at="2022-08-19T02:48:48 EDT" name="LoginwithusernameandpasswordTest" finished-at="2022-08-19T02:48:51 EDT" duration-ms="2950" status="PASS">
          <reporter-output>
          </reporter-output>
        </test-method> <!-- LoginwithusernameandpasswordTest -->
        <test-method is-config="true" signature="teardown()[pri:0, instance:fb.qa.testcases.LoginPageTest@6a370f4]" started-at="2022-08-19T02:48:51 EDT" name="teardown" finished-at="2022-08-19T02:48:52 EDT" duration-ms="1531" status="PASS">
          <reporter-output>
          </reporter-output>
        </test-method> <!-- teardown -->
      </class> <!-- fb.qa.testcases.LoginPageTest -->
      <class name="fb.qa.testcases.HomePageTest">
        <test-method is-config="true" signature="setup()[pri:0, instance:fb.qa.testcases.HomePageTest@2abf4075]" started-at="2022-08-19T02:48:52 EDT" name="setup" finished-at="2022-08-19T02:49:00 EDT" duration-ms="8035" status="PASS">
          <reporter-output>
          </reporter-output>
        </test-method> <!-- setup -->
        <test-method signature="Homepagetitletest()[pri:1, instance:fb.qa.testcases.HomePageTest@2abf4075]" started-at="2022-08-19T02:49:00 EDT" name="Homepagetitletest" finished-at="2022-08-19T02:49:00 EDT" duration-ms="12" status="PASS">
          <reporter-output>
          </reporter-output>
        </test-method> <!-- Homepagetitletest -->
        <test-method is-config="true" signature="teardown()[pri:0, instance:fb.qa.testcases.HomePageTest@2abf4075]" started-at="2022-08-19T02:49:00 EDT" name="teardown" finished-at="2022-08-19T02:49:03 EDT" duration-ms="2299" status="PASS">
          <reporter-output>
          </reporter-output>
        </test-method> <!-- teardown -->
        <test-method is-config="true" signature="setup()[pri:0, instance:fb.qa.testcases.HomePageTest@2abf4075]" started-at="2022-08-19T02:49:03 EDT" name="setup" finished-at="2022-08-19T02:49:10 EDT" duration-ms="7079" status="PASS">
          <reporter-output>
          </reporter-output>
        </test-method> <!-- setup -->
        <test-method signature="Verifyusernametest()[pri:2, instance:fb.qa.testcases.HomePageTest@2abf4075]" started-at="2022-08-19T02:49:10 EDT" name="Verifyusernametest" finished-at="2022-08-19T02:49:10 EDT" duration-ms="652" status="PASS">
          <reporter-output>
          </reporter-output>
        </test-method> <!-- Verifyusernametest -->
        <test-method is-config="true" signature="teardown()[pri:0, instance:fb.qa.testcases.HomePageTest@2abf4075]" started-at="2022-08-19T02:49:10 EDT" name="teardown" finished-at="2022-08-19T02:49:16 EDT" duration-ms="6192" status="PASS">
          <reporter-output>
          </reporter-output>
        </test-method> <!-- teardown -->
        <test-method is-config="true" signature="setup()[pri:0, instance:fb.qa.testcases.HomePageTest@2abf4075]" started-at="2022-08-19T02:49:16 EDT" name="setup" finished-at="2022-08-19T02:49:27 EDT" duration-ms="10399" status="PASS">
          <reporter-output>
          </reporter-output>
        </test-method> <!-- setup -->
        <test-method signature="Groupslinktest()[pri:3, instance:fb.qa.testcases.HomePageTest@2abf4075]" started-at="2022-08-19T02:49:27 EDT" name="Groupslinktest" finished-at="2022-08-19T02:49:28 EDT" duration-ms="729" status="PASS">
          <reporter-output>
          </reporter-output>
        </test-method> <!-- Groupslinktest -->
        <test-method is-config="true" signature="teardown()[pri:0, instance:fb.qa.testcases.HomePageTest@2abf4075]" started-at="2022-08-19T02:49:28 EDT" name="teardown" finished-at="2022-08-19T02:49:30 EDT" duration-ms="2224" status="PASS">
          <reporter-output>
          </reporter-output>
        </test-method> <!-- teardown -->
        <test-method is-config="true" signature="setup()[pri:0, instance:fb.qa.testcases.HomePageTest@2abf4075]" started-at="2022-08-19T02:49:30 EDT" name="setup" finished-at="2022-08-19T02:49:37 EDT" duration-ms="7228" status="PASS">
          <reporter-output>
          </reporter-output>
        </test-method> <!-- setup -->
        <test-method signature="MarketPlacePagelinktest()[pri:4, instance:fb.qa.testcases.HomePageTest@2abf4075]" started-at="2022-08-19T02:49:37 EDT" name="MarketPlacePagelinktest" finished-at="2022-08-19T02:49:38 EDT" duration-ms="874" status="PASS">
          <reporter-output>
          </reporter-output>
        </test-method> <!-- MarketPlacePagelinktest -->
        <test-method is-config="true" signature="teardown()[pri:0, instance:fb.qa.testcases.HomePageTest@2abf4075]" started-at="2022-08-19T02:49:38 EDT" name="teardown" finished-at="2022-08-19T02:49:41 EDT" duration-ms="2907" status="PASS">
          <reporter-output>
          </reporter-output>
        </test-method> <!-- teardown -->
        <test-method is-config="true" signature="setup()[pri:0, instance:fb.qa.testcases.HomePageTest@2abf4075]" started-at="2022-08-19T02:49:41 EDT" name="setup" finished-at="2022-08-19T02:49:51 EDT" duration-ms="10507" status="PASS">
          <reporter-output>
          </reporter-output>
        </test-method> <!-- setup -->
        <test-method signature="PagesPagelink()[pri:5, instance:fb.qa.testcases.HomePageTest@2abf4075]" started-at="2022-08-19T02:49:51 EDT" name="PagesPagelink" finished-at="2022-08-19T02:49:52 EDT" duration-ms="333" status="PASS">
          <reporter-output>
          </reporter-output>
        </test-method> <!-- PagesPagelink -->
        <test-method is-config="true" signature="teardown()[pri:0, instance:fb.qa.testcases.HomePageTest@2abf4075]" started-at="2022-08-19T02:49:52 EDT" name="teardown" finished-at="2022-08-19T02:49:55 EDT" duration-ms="3342" status="PASS">
          <reporter-output>
          </reporter-output>
        </test-method> <!-- teardown -->
      </class> <!-- fb.qa.testcases.HomePageTest -->
    </test> <!-- FacebookAutomationTestSuite -->
  </suite> <!-- Suite -->
</testng-results>
